<?xml version="1.0" encoding="UTF-8"?>
<testng-results ignored="0" total="1" passed="1" failed="0" skipped="0">
  <reporter-output>
  </reporter-output>
  <suite started-at="2024-10-23T15:35:16 IST" name="Default suite" finished-at="2024-10-23T15:35:25 IST" duration-ms="8796">
    <groups>
    </groups>
    <test started-at="2024-10-23T15:35:16 IST" name="Default test" finished-at="2024-10-23T15:35:25 IST" duration-ms="8796">
      <class name="tests.SaucedemoTest">
        <test-method is-config="true" signature="setUp()[pri:0, instance:tests.SaucedemoTest@2cb4893b]" started-at="2024-10-23T15:35:16 IST" name="setUp" finished-at="2024-10-23T15:35:19 IST" duration-ms="2935" status="PASS">
          <reporter-output>
          </reporter-output>
        </test-method> <!-- setUp -->
        <test-method signature="testSaucedemoFlow()[pri:0, instance:tests.SaucedemoTest@2cb4893b]" started-at="2024-10-23T15:35:19 IST" name="testSaucedemoFlow" finished-at="2024-10-23T15:35:25 IST" duration-ms="5815" status="PASS">
          <reporter-output>
          </reporter-output>
        </test-method> <!-- testSaucedemoFlow -->
      </class> <!-- tests.SaucedemoTest -->
    </test> <!-- Default test -->
  </suite> <!-- Default suite -->
</testng-results>
